<?xml version="1.0" encoding="UTF-8"?>
<!-- Generated by org.testng.reporters.JUnitReportReporter -->
<testsuite hostname="DESKTOP-G8IH0JN" failures="0" tests="4" name="executeClass.ExecuteManageOrderPage" time="64.786" errors="0" timestamp="2022-08-05T09:09:38 IST" skipped="0">
  <testcase classname="executeClass.ExecuteManageOrderPage" name="verifyTheAdminCanSearchAnOrderByUsingOrderId" time="12.445"/>
  <system-out/>
  <testcase classname="executeClass.ExecuteManageOrderPage" name="verifyTheAdminCanSearchAnOrderByUsingOrderId" time="17.451"/>
  <system-out/>
  <testcase classname="executeClass.ExecuteManageOrderPage" name="vrifyTheAdminCanViewTheOrderDetailsOfSearchOrder" time="15.803"/>
  <system-out/>
  <testcase classname="executeClass.ExecuteManageOrderPage" name="vrifyTheAdminCanViewTheOrderDetailsOfSearchOrder" time="19.087"/>
  <system-out/>
</testsuite> <!-- executeClass.ExecuteManageOrderPage -->
