<?xml version="1.0" encoding="UTF-8"?>
<!-- Generated by org.testng.reporters.JUnitReportReporter -->
<testsuite hostname="DESKTOP-G8IH0JN" failures="0" tests="6" name="executeClass.ExecuteManageProductPage" time="82.995" errors="0" timestamp="2022-08-05T16:54:41 IST" skipped="0">
  <testcase classname="executeClass.ExecuteManageProductPage" name="verifyListOfProductPageIsDisplayedWhileClickingOnManageProduct" time="10.481"/>
  <system-out/>
  <testcase classname="executeClass.ExecuteManageProductPage" name="verifyUserCanAddNewProductOrNot" time="20.242"/>
  <system-out/>
  <testcase classname="executeClass.ExecuteManageProductPage" name="verifyUserCanSearchAProductByUsingProductCode" time="10.572"/>
  <system-out/>
  <testcase classname="executeClass.ExecuteManageProductPage" name="verifyTheUserCanDeleteTheCreatedProductOrNot" time="13.106"/>
  <system-out/>
  <testcase classname="executeClass.ExecuteManageProductPage" name="verifyTheReSetButtonIsWorkingFineOrNot" time="11.666"/>
  <system-out/>
  <testcase classname="executeClass.ExecuteManageProductPage" name="verifyTheUserCanNavigateToTheLastPageByClickingOnLastButton" time="16.928"/>
  <system-out/>
</testsuite> <!-- executeClass.ExecuteManageProductPage -->
