<?xml version="1.0" encoding="UTF-8"?>
<!-- Generated by org.testng.reporters.JUnitReportReporter -->
<testsuite hostname="DESKTOP-G8IH0JN" failures="0" tests="2" name="executeClass.ExecuteManageOrderPage" time="23.194" errors="0" timestamp="2022-08-05T16:54:41 IST" skipped="0">
  <testcase classname="executeClass.ExecuteManageOrderPage" name="verifyTheAdminCanSearchAnOrderByUsingOrderId" time="11.303"/>
  <system-out/>
  <testcase classname="executeClass.ExecuteManageOrderPage" name="vrifyTheAdminCanViewTheOrderDetailsOfSearchOrder" time="11.891"/>
  <system-out/>
</testsuite> <!-- executeClass.ExecuteManageOrderPage -->
