<?xml version="1.0" encoding="UTF-8"?>
<!-- Generated by org.testng.reporters.JUnitReportReporter -->
<testsuite hostname="DESKTOP-G8IH0JN" failures="0" tests="4" name="executeClass.ExecuteManageUsersPage" time="44.813" errors="0" timestamp="2022-08-05T16:54:41 IST" skipped="0">
  <testcase classname="executeClass.ExecuteManageUsersPage" name="verifyTheListUsersPageIsDispalyedWhileClickingOnManageUsers" time="12.459"/>
  <system-out/>
  <testcase classname="executeClass.ExecuteManageUsersPage" name="verifyUsercnaSearchAUserByUsingName" time="10.636"/>
  <system-out/>
  <testcase classname="executeClass.ExecuteManageUsersPage" name="verifyTheUserCanSearchAUserByUsingEmailId" time="10.812"/>
  <system-out/>
  <testcase classname="executeClass.ExecuteManageUsersPage" name="verifyTheAdminCanChangeTheStatusOfSoftWareTesterUser" time="10.906"/>
  <system-out/>
</testsuite> <!-- executeClass.ExecuteManageUsersPage -->
