<?xml version="1.0" encoding="UTF-8"?>
<!-- Generated by org.testng.reporters.JUnitReportReporter -->
<testsuite hostname="DESKTOP-G8IH0JN" failures="0" tests="5" name="executeClass.ExecuteManageExpensePage" time="52.905" errors="0" timestamp="2022-08-01T18:24:58 IST" skipped="0">
  <testcase classname="executeClass.ExecuteManageExpensePage" name="verifyExpenseCategoryIsVisibleWhileClickingOnExpenseCategoryUnderManageExpense" time="7.366"/>
  <system-out/>
  <testcase classname="executeClass.ExecuteManageExpensePage" name="verifyAdminCanCreateANewExpenseCategory" time="8.905"/>
  <system-out/>
  <testcase classname="executeClass.ExecuteManageExpensePage" name="verifyAdminCanSearchNewlyCreatedOne" time="15.306"/>
  <system-out/>
  <testcase classname="executeClass.ExecuteManageExpensePage" name="verifyAdminCanEditTheCreatedOnes" time="11.154"/>
  <system-out/>
  <testcase classname="executeClass.ExecuteManageExpensePage" name="verifyAdminCanDeleteTheCreatedOne" time="10.174"/>
  <system-out/>
</testsuite> <!-- executeClass.ExecuteManageExpensePage -->
