<?xml version="1.0" encoding="UTF-8"?>
<!-- Generated by org.testng.reporters.JUnitReportReporter -->
<testsuite hostname="DESKTOP-G8IH0JN" failures="0" tests="3" name="executeClass.ExecuteVerifyUsersPage" time="32.670" errors="0" timestamp="2022-08-05T16:54:41 IST" skipped="0">
  <testcase classname="executeClass.ExecuteVerifyUsersPage" name="verifyListUsersPageIsDisplayedWhileClickingOnVerifyUsers" time="9.774"/>
  <system-out/>
  <testcase classname="executeClass.ExecuteVerifyUsersPage" name="verifyTheUserCanSearchAUserByUsingName" time="11.267"/>
  <system-out/>
  <testcase classname="executeClass.ExecuteVerifyUsersPage" name="verifyUserCanSearchAUserByUsingPhoneNumber" time="11.629"/>
  <system-out/>
</testsuite> <!-- executeClass.ExecuteVerifyUsersPage -->
