<?xml version="1.0" encoding="UTF-8"?>
<!-- Generated by org.testng.reporters.JUnitReportReporter -->
<testsuite hostname="DESKTOP-G8IH0JN" failures="0" tests="5" name="executeClass.ExecuteManageExpensePage" time="60.363" errors="0" timestamp="2022-08-05T16:54:41 IST" skipped="0">
  <testcase classname="executeClass.ExecuteManageExpensePage" name="verifyExpenseCategoryIsVisibleWhileClickingOnExpenseCategoryUnderManageExpense" time="11.009"/>
  <system-out/>
  <testcase classname="executeClass.ExecuteManageExpensePage" name="verifyAdminCanCreateANewExpenseCategory" time="13.333"/>
  <system-out/>
  <testcase classname="executeClass.ExecuteManageExpensePage" name="verifyAdminCanSearchNewlyCreatedOne" time="10.661"/>
  <system-out/>
  <testcase classname="executeClass.ExecuteManageExpensePage" name="verifyAdminCanEditTheCreatedOnes" time="14.187"/>
  <system-out/>
  <testcase classname="executeClass.ExecuteManageExpensePage" name="verifyAdminCanDeleteTheCreatedOne" time="11.173"/>
  <system-out/>
</testsuite> <!-- executeClass.ExecuteManageExpensePage -->
