<?xml version="1.0" encoding="UTF-8"?>
<!-- Generated by org.testng.reporters.JUnitReportReporter -->
<testsuite hostname="DESKTOP-G8IH0JN" failures="0" tests="4" name="executeClass.ExecuteManageUsersPage" time="31.236" errors="0" timestamp="2022-08-03T11:44:42 IST" skipped="0">
  <testcase classname="executeClass.ExecuteManageUsersPage" name="verifyTheListUsersPageIsDispalyedWhileClickingOnManageUsers" time="9.902"/>
  <system-out/>
  <testcase classname="executeClass.ExecuteManageUsersPage" name="verifyUsercnaSearchAUserByUsingName" time="7.040"/>
  <system-out/>
  <testcase classname="executeClass.ExecuteManageUsersPage" name="verifyTheUserCanSearchAUserByUsingEmailId" time="7.159"/>
  <system-out/>
  <testcase classname="executeClass.ExecuteManageUsersPage" name="verifyTheAdminCanChangeTheStatusOfSoftWareTesterUser" time="7.135"/>
  <system-out/>
</testsuite> <!-- executeClass.ExecuteManageUsersPage -->
