<?xml version="1.0" encoding="UTF-8"?>
<!-- Generated by org.testng.reporters.JUnitReportReporter -->
<testsuite hostname="DESKTOP-G8IH0JN" failures="0" tests="12" name="executeClass.ExecuteManageProductPage" time="200.126" errors="0" timestamp="2022-08-05T09:09:38 IST" skipped="0">
  <testcase classname="executeClass.ExecuteManageProductPage" name="verifyListOfProductPageIsDisplayedWhileClickingOnManageProduct" time="9.785"/>
  <system-out/>
  <testcase classname="executeClass.ExecuteManageProductPage" name="verifyListOfProductPageIsDisplayedWhileClickingOnManageProduct" time="20.253"/>
  <system-out/>
  <testcase classname="executeClass.ExecuteManageProductPage" name="verifyUserCanAddNewProductOrNot" time="21.529"/>
  <system-out/>
  <testcase classname="executeClass.ExecuteManageProductPage" name="verifyUserCanAddNewProductOrNot" time="33.869"/>
  <system-out/>
  <testcase classname="executeClass.ExecuteManageProductPage" name="verifyUserCanSearchAProductByUsingProductCode" time="14.645"/>
  <system-out/>
  <testcase classname="executeClass.ExecuteManageProductPage" name="verifyUserCanSearchAProductByUsingProductCode" time="10.187"/>
  <system-out/>
  <testcase classname="executeClass.ExecuteManageProductPage" name="verifyTheUserCanDeleteTheCreatedProductOrNot" time="12.318"/>
  <system-out/>
  <testcase classname="executeClass.ExecuteManageProductPage" name="verifyTheUserCanDeleteTheCreatedProductOrNot" time="11.578"/>
  <system-out/>
  <testcase classname="executeClass.ExecuteManageProductPage" name="verifyTheReSetButtonIsWorkingFineOrNot" time="13.602"/>
  <system-out/>
  <testcase classname="executeClass.ExecuteManageProductPage" name="verifyTheReSetButtonIsWorkingFineOrNot" time="14.829"/>
  <system-out/>
  <testcase classname="executeClass.ExecuteManageProductPage" name="verifyTheUserCanNavigateToTheLastPageByClickingOnLastButton" time="20.282"/>
  <system-out/>
  <testcase classname="executeClass.ExecuteManageProductPage" name="verifyTheUserCanNavigateToTheLastPageByClickingOnLastButton" time="17.249"/>
  <system-out/>
</testsuite> <!-- executeClass.ExecuteManageProductPage -->
