<?xml version="1.0" encoding="UTF-8"?>
<!-- Generated by org.testng.reporters.JUnitReportReporter -->
<testsuite hostname="DESKTOP-G8IH0JN" failures="0" tests="3" name="executeClass.ExecuteDashBoardPage" time="23.017" errors="0" timestamp="2022-08-03T11:29:21 IST" skipped="0">
  <testcase classname="executeClass.ExecuteDashBoardPage" name="dashBoardIsVisibleAfterSuccessfulLogin" time="9.558"/>
  <system-out/>
  <testcase classname="executeClass.ExecuteDashBoardPage" name="isManagePageTileVisibleOrNot" time="6.492"/>
  <system-out/>
  <testcase classname="executeClass.ExecuteDashBoardPage" name="manageUsersMoreInfoArrowClicableOrNot" time="6.967"/>
  <system-out/>
</testsuite> <!-- executeClass.ExecuteDashBoardPage -->
