<?xml version="1.0" encoding="UTF-8"?>
<!-- Generated by org.testng.reporters.JUnitReportReporter -->
<testsuite hostname="DESKTOP-G8IH0JN" failures="0" tests="3" name="executeClass.ExecuteDashBoardPage" time="35.537" errors="0" timestamp="2022-08-05T16:54:41 IST" skipped="0">
  <testcase classname="executeClass.ExecuteDashBoardPage" name="dashBoardIsVisibleAfterSuccessfulLogin" time="12.786"/>
  <system-out/>
  <testcase classname="executeClass.ExecuteDashBoardPage" name="isManagePageTileVisibleOrNot" time="9.020"/>
  <system-out/>
  <testcase classname="executeClass.ExecuteDashBoardPage" name="manageUsersMoreInfoArrowClicableOrNot" time="13.731"/>
  <system-out/>
</testsuite> <!-- executeClass.ExecuteDashBoardPage -->
