<?xml version="1.0" encoding="UTF-8"?>
<!-- Generated by org.testng.reporters.JUnitReportReporter -->
<testsuite hostname="DESKTOP-G8IH0JN" failures="0" tests="12" name="executeClass.ExecuteLoginPage" time="108.032" errors="0" timestamp="2022-08-05T09:09:38 IST" skipped="0">
  <testcase classname="executeClass.ExecuteLoginPage" name="verifyLoginPageIsvisibleWhileLaunchingTheApplication" time="7.713"/>
  <system-out/>
  <testcase classname="executeClass.ExecuteLoginPage" name="verifyLoginPageIsvisibleWhileLaunchingTheApplication" time="9.722"/>
  <system-out/>
  <testcase classname="executeClass.ExecuteLoginPage" name="isrememberMeCheckBoxSelectedOrNot" time="8.135"/>
  <system-out/>
  <testcase classname="executeClass.ExecuteLoginPage" name="isrememberMeCheckBoxSelectedOrNot" time="6.810"/>
  <system-out/>
  <testcase classname="executeClass.ExecuteLoginPage" name="verifysuccessfulLogin" time="13.210"/>
  <system-out/>
  <testcase classname="executeClass.ExecuteLoginPage" name="verifysuccessfulLogin" time="9.012"/>
  <system-out/>
  <testcase classname="executeClass.ExecuteLoginPage" name="verifyUnsuccessfulLogin" time="8.857"/>
  <system-out/>
  <testcase classname="executeClass.ExecuteLoginPage" name="verifyUnsuccessfulLogin" time="10.078"/>
  <system-out/>
  <testcase classname="executeClass.ExecuteLoginPage" name="verifyUnsuccessfulLogin" time="10.154"/>
  <system-out/>
  <testcase classname="executeClass.ExecuteLoginPage" name="verifyUnsuccessfulLogin" time="6.752"/>
  <system-out/>
  <testcase classname="executeClass.ExecuteLoginPage" name="verifyUnsuccessfulLogin" time="6.631"/>
  <system-out/>
  <testcase classname="executeClass.ExecuteLoginPage" name="verifyUnsuccessfulLogin" time="10.958"/>
  <system-out/>
</testsuite> <!-- executeClass.ExecuteLoginPage -->
