<?xml version="1.0" encoding="UTF-8"?>
<!-- Generated by org.testng.reporters.JUnitReportReporter -->
<testsuite hostname="DESKTOP-G8IH0JN" failures="0" tests="6" name="executeClass.ExecuteLoginPage" time="35.209" errors="0" timestamp="2022-07-29T17:55:34 IST" skipped="0">
  <testcase classname="executeClass.ExecuteLoginPage" name="isrememberMeCheckBoxSelectedOrNot" time="5.345"/>
  <system-out/>
  <testcase classname="executeClass.ExecuteLoginPage" name="verifyUnsuccessfulLogin" time="5.807"/>
  <system-out/>
  <testcase classname="executeClass.ExecuteLoginPage" name="verifyLoginPageIsvisibleWhileLaunchingTheApplication" time="4.998"/>
  <system-out/>
  <testcase classname="executeClass.ExecuteLoginPage" name="verifyUnsuccessfulLogin" time="5.860"/>
  <system-out/>
  <testcase classname="executeClass.ExecuteLoginPage" name="verifyUnsuccessfulLogin" time="5.780"/>
  <system-out/>
  <testcase classname="executeClass.ExecuteLoginPage" name="verifysuccessfulLogin" time="7.419"/>
  <system-out/>
</testsuite> <!-- executeClass.ExecuteLoginPage -->
