<?xml version="1.0" encoding="UTF-8"?>
<!-- Generated by org.testng.reporters.JUnitReportReporter -->
<testsuite hostname="DESKTOP-G8IH0JN" failures="0" tests="6" name="executeClass.executePushNotificationPage" time="84.173" errors="0" timestamp="2022-08-05T09:09:38 IST" skipped="0">
  <testcase classname="executeClass.executePushNotificationPage" name="verifyPushNotificationPageIsDisplayedWhileClickingOnPushNotification" time="9.337"/>
  <system-out/>
  <testcase classname="executeClass.executePushNotificationPage" name="verifyPushNotificationPageIsDisplayedWhileClickingOnPushNotification" time="12.610"/>
  <system-out/>
  <testcase classname="executeClass.executePushNotificationPage" name="verifyTheAdminCanSendANotificationSuccessfullyOrNot" time="14.967"/>
  <system-out/>
  <testcase classname="executeClass.executePushNotificationPage" name="verifyTheAdminCanSendANotificationSuccessfullyOrNot" time="21.534"/>
  <system-out/>
  <testcase classname="executeClass.executePushNotificationPage" name="verifyTheResetButtonIsVisibleOrNot" time="8.906"/>
  <system-out/>
  <testcase classname="executeClass.executePushNotificationPage" name="verifyTheResetButtonIsVisibleOrNot" time="16.819"/>
  <system-out/>
</testsuite> <!-- executeClass.executePushNotificationPage -->
