<?xml version="1.0" encoding="UTF-8"?>
<!-- Generated by org.testng.reporters.JUnitReportReporter -->
<testsuite hostname="DESKTOP-G8IH0JN" failures="0" tests="1" name="executeClass.ExecuteDashBoardPage" time="14.252" errors="0" timestamp="2022-08-02T19:44:57 IST" skipped="0">
  <testcase classname="executeClass.ExecuteDashBoardPage" name="dashBoardIsVisibleAfterSuccessfulLogin" time="14.252"/>
  <system-out/>
</testsuite> <!-- executeClass.ExecuteDashBoardPage -->
