<?xml version="1.0" encoding="UTF-8"?>
<!-- Generated by org.testng.reporters.JUnitReportReporter -->
<testsuite hostname="DESKTOP-G8IH0JN" failures="0" tests="1" name="executeClass.ExecuteManageOrderPage" time="12.924" errors="0" timestamp="2022-08-01T19:06:25 IST" skipped="0">
  <testcase classname="executeClass.ExecuteManageOrderPage" name="vrifyTheAdminCanViewTgeOrderDetailsOfSearchOrder" time="12.924"/>
  <system-out/>
</testsuite> <!-- executeClass.ExecuteManageOrderPage -->
