<?xml version="1.0" encoding="UTF-8"?>
<!-- Generated by org.testng.reporters.JUnitReportReporter -->
<testsuite hostname="DESKTOP-G8IH0JN" failures="0" tests="6" name="executeClass.ExecuteLoginPage" time="33.964" errors="0" timestamp="2022-08-03T11:33:31 IST" skipped="0">
  <testcase classname="executeClass.ExecuteLoginPage" name="verifyLoginPageIsvisibleWhileLaunchingTheApplication" time="4.546"/>
  <system-out/>
  <testcase classname="executeClass.ExecuteLoginPage" name="isrememberMeCheckBoxSelectedOrNot" time="4.856"/>
  <system-out/>
  <testcase classname="executeClass.ExecuteLoginPage" name="verifysuccessfulLogin" time="5.660"/>
  <system-out/>
  <testcase classname="executeClass.ExecuteLoginPage" name="verifyUnsuccessfulLogin" time="5.173"/>
  <system-out/>
  <testcase classname="executeClass.ExecuteLoginPage" name="verifyUnsuccessfulLogin" time="5.403"/>
  <system-out/>
  <testcase classname="executeClass.ExecuteLoginPage" name="verifyUnsuccessfulLogin" time="8.326"/>
  <system-out/>
</testsuite> <!-- executeClass.ExecuteLoginPage -->
