<?xml version="1.0" encoding="UTF-8"?>
<!-- Generated by org.testng.reporters.JUnitReportReporter -->
<testsuite hostname="DESKTOP-G8IH0JN" failures="0" tests="1" name="executeClass.ExecuteDashBoardPage" time="9.813" errors="0" timestamp="2022-07-30T07:28:01 IST" skipped="0">
  <testcase classname="executeClass.ExecuteDashBoardPage" name="manageUsersMoreInfoArrowClicableOrNot" time="9.813"/>
  <system-out/>
</testsuite> <!-- executeClass.ExecuteDashBoardPage -->
