<?xml version="1.0" encoding="UTF-8"?>
<!-- Generated by org.testng.reporters.JUnitReportReporter -->
<testsuite hostname="DESKTOP-G8IH0JN" failures="0" tests="3" name="executeClass.ExecuteVerifyUsersPage" time="23.866" errors="0" timestamp="2022-08-03T11:46:38 IST" skipped="0">
  <testcase classname="executeClass.ExecuteVerifyUsersPage" name="verifyListUsersPageIsDisplayedWhileClickingOnVerifyUsers" time="7.301"/>
  <system-out/>
  <testcase classname="executeClass.ExecuteVerifyUsersPage" name="verifyTheUserCanSearchAUserByUsingName" time="8.029"/>
  <system-out/>
  <testcase classname="executeClass.ExecuteVerifyUsersPage" name="verifyUserCanSearchAUserByUsingPhoneNumber" time="8.536"/>
  <system-out/>
</testsuite> <!-- executeClass.ExecuteVerifyUsersPage -->
