<?xml version="1.0" encoding="UTF-8"?>
<!-- Generated by org.testng.reporters.JUnitReportReporter -->
<testsuite hostname="DESKTOP-G8IH0JN" failures="0" tests="2" name="executeClass.ExecuteManageOrderPage" time="18.884" errors="0" timestamp="2022-08-03T11:38:21 IST" skipped="0">
  <testcase classname="executeClass.ExecuteManageOrderPage" name="verifyTheAdminCanSearchAnOrderByUsingOrderId" time="9.177"/>
  <system-out/>
  <testcase classname="executeClass.ExecuteManageOrderPage" name="vrifyTheAdminCanViewTheOrderDetailsOfSearchOrder" time="9.707"/>
  <system-out/>
</testsuite> <!-- executeClass.ExecuteManageOrderPage -->
