<?xml version="1.0" encoding="UTF-8"?>
<!-- Generated by org.testng.reporters.JUnitReportReporter -->
<testsuite hostname="DESKTOP-G8IH0JN" failures="0" tests="1" name="executeClass.ExecuteManageProductPage" time="15.301" errors="0" timestamp="2022-08-03T00:40:04 IST" skipped="0">
  <testcase classname="executeClass.ExecuteManageProductPage" name="verifyTheUserCanNavigateToTheLastPageByClickingOnLastButton" time="15.301"/>
  <system-out/>
</testsuite> <!-- executeClass.ExecuteManageProductPage -->
