<?xml version="1.0" encoding="UTF-8"?>
<!-- Generated by org.testng.reporters.JUnitReportReporter -->
<testsuite hostname="DESKTOP-G8IH0JN" failures="0" tests="6" name="executeClass.ExecuteLoginPage" time="52.415" errors="0" timestamp="2022-08-05T16:54:41 IST" skipped="0">
  <testcase classname="executeClass.ExecuteLoginPage" name="verifyLoginPageIsvisibleWhileLaunchingTheApplication" time="7.993"/>
  <system-out/>
  <testcase classname="executeClass.ExecuteLoginPage" name="isrememberMeCheckBoxSelectedOrNot" time="8.301"/>
  <system-out/>
  <testcase classname="executeClass.ExecuteLoginPage" name="verifysuccessfulLogin" time="9.046"/>
  <system-out/>
  <testcase classname="executeClass.ExecuteLoginPage" name="verifyUnsuccessfulLogin" time="9.604"/>
  <system-out/>
  <testcase classname="executeClass.ExecuteLoginPage" name="verifyUnsuccessfulLogin" time="8.740"/>
  <system-out/>
  <testcase classname="executeClass.ExecuteLoginPage" name="verifyUnsuccessfulLogin" time="8.731"/>
  <system-out/>
</testsuite> <!-- executeClass.ExecuteLoginPage -->
