<?xml version="1.0" encoding="UTF-8"?>
<!-- Generated by org.testng.reporters.JUnitReportReporter -->
<testsuite hostname="DESKTOP-G8IH0JN" failures="0" tests="6" name="executeClass.ExecuteDashBoardPage" time="85.799" errors="0" timestamp="2022-08-05T09:09:38 IST" skipped="0">
  <testcase classname="executeClass.ExecuteDashBoardPage" name="dashBoardIsVisibleAfterSuccessfulLogin" time="11.142"/>
  <system-out/>
  <testcase classname="executeClass.ExecuteDashBoardPage" name="dashBoardIsVisibleAfterSuccessfulLogin" time="13.495"/>
  <system-out/>
  <testcase classname="executeClass.ExecuteDashBoardPage" name="isManagePageTileVisibleOrNot" time="14.593"/>
  <system-out/>
  <testcase classname="executeClass.ExecuteDashBoardPage" name="isManagePageTileVisibleOrNot" time="8.808"/>
  <system-out/>
  <testcase classname="executeClass.ExecuteDashBoardPage" name="manageUsersMoreInfoArrowClicableOrNot" time="19.381"/>
  <system-out/>
  <testcase classname="executeClass.ExecuteDashBoardPage" name="manageUsersMoreInfoArrowClicableOrNot" time="18.380"/>
  <system-out/>
</testsuite> <!-- executeClass.ExecuteDashBoardPage -->
