<?xml version="1.0" encoding="UTF-8"?>
<!-- Generated by org.testng.reporters.JUnitReportReporter -->
<testsuite hostname="DESKTOP-G8IH0JN" failures="0" tests="6" name="executeClass.ExecuteVerifyUsersPage" time="78.528" errors="0" timestamp="2022-08-05T09:09:38 IST" skipped="0">
  <testcase classname="executeClass.ExecuteVerifyUsersPage" name="verifyListUsersPageIsDisplayedWhileClickingOnVerifyUsers" time="9.760"/>
  <system-out/>
  <testcase classname="executeClass.ExecuteVerifyUsersPage" name="verifyListUsersPageIsDisplayedWhileClickingOnVerifyUsers" time="18.159"/>
  <system-out/>
  <testcase classname="executeClass.ExecuteVerifyUsersPage" name="verifyTheUserCanSearchAUserByUsingName" time="11.619"/>
  <system-out/>
  <testcase classname="executeClass.ExecuteVerifyUsersPage" name="verifyTheUserCanSearchAUserByUsingName" time="14.334"/>
  <system-out/>
  <testcase classname="executeClass.ExecuteVerifyUsersPage" name="verifyUserCanSearchAUserByUsingPhoneNumber" time="11.049"/>
  <system-out/>
  <testcase classname="executeClass.ExecuteVerifyUsersPage" name="verifyUserCanSearchAUserByUsingPhoneNumber" time="13.607"/>
  <system-out/>
</testsuite> <!-- executeClass.ExecuteVerifyUsersPage -->
