<?xml version="1.0" encoding="UTF-8"?>
<!-- Generated by org.testng.reporters.JUnitReportReporter -->
<testsuite hostname="DESKTOP-G8IH0JN" failures="0" tests="3" name="executeClass.executePushNotificationPage" time="22.573" errors="0" timestamp="2022-08-03T11:45:28 IST" skipped="0">
  <testcase classname="executeClass.executePushNotificationPage" name="verifyPushNotificationPageIsDisplayedWhileClickingOnPushNotification" time="8.276"/>
  <system-out/>
  <testcase classname="executeClass.executePushNotificationPage" name="verifyTheAdminCanSendANotificationSuccessfullyOrNot" time="7.726"/>
  <system-out/>
  <testcase classname="executeClass.executePushNotificationPage" name="verifyTheResetButtonIsVisibleOrNot" time="6.571"/>
  <system-out/>
</testsuite> <!-- executeClass.executePushNotificationPage -->
