<?xml version="1.0" encoding="UTF-8"?>
<!-- Generated by org.testng.reporters.JUnitReportReporter -->
<testsuite hostname="DESKTOP-G8IH0JN" failures="0" tests="5" name="executeClass.ExecuteManageExpensePage" time="37.958" errors="0" timestamp="2022-08-03T11:36:59 IST" skipped="0">
  <testcase classname="executeClass.ExecuteManageExpensePage" name="verifyExpenseCategoryIsVisibleWhileClickingOnExpenseCategoryUnderManageExpense" time="6.802"/>
  <system-out/>
  <testcase classname="executeClass.ExecuteManageExpensePage" name="verifyAdminCanCreateANewExpenseCategory" time="7.192"/>
  <system-out/>
  <testcase classname="executeClass.ExecuteManageExpensePage" name="verifyAdminCanSearchNewlyCreatedOne" time="8.577"/>
  <system-out/>
  <testcase classname="executeClass.ExecuteManageExpensePage" name="verifyAdminCanEditTheCreatedOnes" time="8.109"/>
  <system-out/>
  <testcase classname="executeClass.ExecuteManageExpensePage" name="verifyAdminCanDeleteTheCreatedOne" time="7.278"/>
  <system-out/>
</testsuite> <!-- executeClass.ExecuteManageExpensePage -->
